<?xml version="1.0" encoding="UTF-8"?>
<!-- Generated by org.testng.reporters.JUnitReportReporter -->
<testsuite hostname="Dylans-Beast" name="Tests.WorldTest" tests="2" failures="0" timestamp="5 May 2016 16:25:43 GMT" time="0.109" errors="0">
  <testcase name="testRocksOnOutside" time="0.104" classname="Tests.WorldTest"/>
  <testcase name="testWorldInput" time="0.005" classname="Tests.WorldTest"/>
</testsuite> <!-- Tests.WorldTest -->
