<?xml version="1.0" encoding="UTF-8"?>
<!-- Generated by org.testng.reporters.JUnitReportReporter -->
<testsuite hostname="Dylans-Beast" name="Tests.AntBrainParserTest" tests="4" failures="0" timestamp="5 May 2016 16:25:43 GMT" time="0.004" errors="0">
  <testcase name="testListMaker" time="0.000" classname="Tests.AntBrainParserTest"/>
  <testcase name="firsTest" time="0.000" classname="Tests.AntBrainParserTest"/>
  <testcase name="falseTest" time="0.000" classname="Tests.AntBrainParserTest"/>
  <testcase name="fullTest" time="0.004" classname="Tests.AntBrainParserTest"/>
</testsuite> <!-- Tests.AntBrainParserTest -->
