<?xml version="1.0" encoding="UTF-8"?>
<!-- Generated by org.testng.reporters.JUnitReportReporter -->
<testsuite hostname="Dylans-Beast" name="Tests.RandomNumberTest" tests="1" failures="0" timestamp="5 May 2016 16:25:43 GMT" time="0.000" errors="0">
  <testcase name="randomTest" time="0.000" classname="Tests.RandomNumberTest"/>
</testsuite> <!-- Tests.RandomNumberTest -->
