<?xml version="1.0" encoding="UTF-8"?>
<!-- Generated by org.testng.reporters.JUnitReportReporter -->
<testsuite hostname="Dylans-Beast" name="Tests.WorldParserTest" tests="1" failures="0" timestamp="5 May 2016 16:25:43 GMT" time="0.394" errors="0">
  <testcase name="worldParseTest" time="0.394" classname="Tests.WorldParserTest"/>
</testsuite> <!-- Tests.WorldParserTest -->
