<?xml version="1.0" encoding="UTF-8"?>
<!-- Generated by org.testng.reporters.JUnitReportReporter -->
<testsuite hostname="Dylans-Beast" name="Tests.PlayGameTest" tests="1" failures="0" timestamp="5 May 2016 16:25:43 GMT" time="53.433" errors="0">
  <testcase name="wholeTest" time="53.433" classname="Tests.PlayGameTest"/>
</testsuite> <!-- Tests.PlayGameTest -->
